<?xml version="1.0" encoding="UTF-8"?>
<!-- Generated by org.testng.reporters.JUnitXMLReporter -->
<testsuite ignored="2" hostname="DESKTOP-3I9ECIR" failures="0" tests="2" name="Automation Test" time="0.081" errors="0" timestamp="16 Dec 2021 16:02:48 GMT">
  <testcase classname="com.testpractice.TestNGDemoDec13" name="testCase1" time="0.016"/>
  <testcase classname="com.testpractice.TestNGDemoDec13" name="testCase2" time="0.002"/>
  <testcase classname="com.testpractice.TestNGDemoDec13" name="testCase3" time="0.0">
    <ignored/>
  </testcase> <!-- testCase3 -->
  <testcase classname="com.testpractice.TestNGDemoDec13" name="testCase4" time="0.0">
    <ignored/>
  </testcase> <!-- testCase4 -->
</testsuite> <!-- Automation Test -->
