<?xml version="1.0" encoding="UTF-8"?>
<testng-results ignored="1" total="2" passed="1" failed="0" skipped="0">
  <reporter-output>
  </reporter-output>
  <suite started-at="2021-12-16T16:10:07Z" name="Default suite" finished-at="2021-12-16T16:10:17Z" duration-ms="10852">
    <groups>
    </groups>
    <test started-at="2021-12-16T16:10:07Z" name="Default test" finished-at="2021-12-16T16:10:17Z" duration-ms="10852">
      <class name="com.tests.SeleniumDemo">
        <test-method is-config="true" signature="beforeClass()[pri:0, instance:com.tests.SeleniumDemo@4e07b95f]" started-at="2021-12-16T10:10:07Z" name="beforeClass" finished-at="2021-12-16T10:10:10Z" duration-ms="3367" status="PASS">
          <reporter-output>
          </reporter-output>
        </test-method> <!-- beforeClass -->
        <test-method signature="verifyMyApp()[pri:0, instance:com.tests.SeleniumDemo@4e07b95f]" started-at="2021-12-16T10:10:10Z" name="verifyMyApp" finished-at="2021-12-16T10:10:16Z" duration-ms="6483" status="PASS">
          <reporter-output>
          </reporter-output>
        </test-method> <!-- verifyMyApp -->
        <test-method is-config="true" signature="afterClass()[pri:0, instance:com.tests.SeleniumDemo@4e07b95f]" started-at="2021-12-16T10:10:16Z" name="afterClass" finished-at="2021-12-16T10:10:17Z" duration-ms="974" status="PASS">
          <reporter-output>
          </reporter-output>
        </test-method> <!-- afterClass -->
      </class> <!-- com.tests.SeleniumDemo -->
    </test> <!-- Default test -->
  </suite> <!-- Default suite -->
</testng-results>
